This file contains any messages produced by compilers while
running configure, to aid debugging if configure makes a mistake.

It was created by cctools configure 895, which was
generated by GNU Autoconf 2.69.  Invocation command line was

  $ ./configure --prefix=/home/anjan/github.com/osxcross/target --target=x86_64-apple-darwin15 --disable-clang-as

## --------- ##
## Platform. ##
## --------- ##

hostname = localhost.localdomain
uname -m = x86_64
uname -r = 4.17.17-100.fc27.x86_64
uname -s = Linux
uname -v = #1 SMP Mon Aug 20 15:53:11 UTC 2018

/usr/bin/uname -p = x86_64
/bin/uname -X     = unknown

/bin/arch              = x86_64
/usr/bin/arch -k       = unknown
/usr/convex/getsysinfo = unknown
/usr/bin/hostinfo      = unknown
/bin/machine           = unknown
/usr/bin/oslevel       = unknown
/bin/universe          = unknown

PATH: /home/anjan/github.com/osxcross/target/bin
PATH: /usr/lib64/ccache
PATH: /usr/local/bin
PATH: /usr/local/sbin
PATH: /usr/bin
PATH: /usr/sbin
PATH: /var/lib/snapd/snap/bin
PATH: /home/anjan/work/bin
PATH: /home/anjan/.fzf/bin
PATH: /home/anjan/.local/bin
PATH: /home/anjan/bin
PATH: /home/anjan/work/bin


## ----------- ##
## Core tests. ##
## ----------- ##

configure:2455: checking build system type
configure:2469: result: x86_64-unknown-linux-gnu
configure:2489: checking host system type
configure:2502: result: x86_64-unknown-linux-gnu
configure:2522: checking target system type
configure:2535: result: x86_64-apple-darwin15
configure:2784: checking for a BSD-compatible install
configure:2852: result: /usr/bin/install -c
configure:2863: checking whether build environment is sane
configure:2918: result: yes
configure:3059: checking for a thread-safe mkdir -p
configure:3098: result: /usr/bin/mkdir -p
configure:3105: checking for gawk
configure:3121: found /usr/bin/gawk
configure:3132: result: gawk
configure:3143: checking whether make sets $(MAKE)
configure:3165: result: yes
configure:3194: checking whether make supports nested variables
configure:3211: result: yes
configure:3291: checking whether UID '1001' is supported by ustar format
configure:3294: result: yes
configure:3301: checking whether GID '1001' is supported by ustar format
configure:3304: result: yes
configure:3312: checking how to create a ustar tar archive
configure:3323: tar --version
tar (GNU tar) 1.29
Copyright (C) 2015 Free Software Foundation, Inc.
License GPLv3+: GNU GPL version 3 or later <http://gnu.org/licenses/gpl.html>.
This is free software: you are free to change and redistribute it.
There is NO WARRANTY, to the extent permitted by law.

Written by John Gilmore and Jay Fenlason.
configure:3326: $? = 0
configure:3366: tardir=conftest.dir && eval tar --format=ustar -chf - "$tardir" >conftest.tar
configure:3369: $? = 0
configure:3373: tar -xf - <conftest.tar
configure:3376: $? = 0
configure:3378: cat conftest.dir/file
GrepMe
configure:3381: $? = 0
configure:3394: result: gnutar
configure:3447: checking whether to enable maintainer-specific portions of Makefiles
configure:3456: result: no
configure:3521: checking how to print strings
configure:3548: result: printf
configure:3617: checking for gcc
configure:3644: result: clang
configure:3873: checking for C compiler version
configure:3882: clang --version >&5
clang version 3.9.1 (tags/RELEASE_391/final)
Target: x86_64-unknown-linux-gnu
Thread model: posix
InstalledDir: /usr/local/bin
configure:3893: $? = 0
configure:3882: clang -v >&5
clang version 3.9.1 (tags/RELEASE_391/final)
Target: x86_64-unknown-linux-gnu
Thread model: posix
InstalledDir: /usr/local/bin
Found candidate GCC installation: /usr/lib/gcc/x86_64-redhat-linux/7
Selected GCC installation: /usr/lib/gcc/x86_64-redhat-linux/7
Candidate multilib: .;@m64
Candidate multilib: 32;@m32
Selected multilib: .;@m64
configure:3893: $? = 0
configure:3882: clang -V >&5
clang-3.9: error: argument to '-V' is missing (expected 1 value)
clang-3.9: error: no input files
configure:3893: $? = 1
configure:3882: clang -qversion >&5
clang-3.9: error: unknown argument: '-qversion'
clang-3.9: error: no input files
configure:3893: $? = 1
configure:3913: checking whether the C compiler works
configure:3935: clang -O3 -isystem /usr/local/include -isystem /usr/pkg/include   -L/usr/local/lib -L/usr/pkg/lib conftest.c  >&5
configure:3939: $? = 0
configure:3987: result: yes
configure:3990: checking for C compiler default output file name
configure:3992: result: a.out
configure:3998: checking for suffix of executables
configure:4005: clang -o conftest -O3 -isystem /usr/local/include -isystem /usr/pkg/include   -L/usr/local/lib -L/usr/pkg/lib conftest.c  >&5
configure:4009: $? = 0
configure:4031: result: 
configure:4053: checking whether we are cross compiling
configure:4061: clang -o conftest -O3 -isystem /usr/local/include -isystem /usr/pkg/include   -L/usr/local/lib -L/usr/pkg/lib conftest.c  >&5
configure:4065: $? = 0
configure:4072: ./conftest
configure:4076: $? = 0
configure:4091: result: no
configure:4096: checking for suffix of object files
configure:4118: clang -c -O3 -isystem /usr/local/include -isystem /usr/pkg/include  conftest.c >&5
configure:4122: $? = 0
configure:4143: result: o
configure:4147: checking whether we are using the GNU C compiler
configure:4166: clang -c -O3 -isystem /usr/local/include -isystem /usr/pkg/include  conftest.c >&5
configure:4166: $? = 0
configure:4175: result: yes
configure:4184: checking whether clang accepts -g
configure:4204: clang -c -g  conftest.c >&5
configure:4204: $? = 0
configure:4245: result: yes
configure:4262: checking for clang option to accept ISO C89
configure:4325: clang  -c -O3 -isystem /usr/local/include -isystem /usr/pkg/include  conftest.c >&5
configure:4325: $? = 0
configure:4338: result: none needed
configure:4363: checking whether clang understands -c and -o together
configure:4385: clang -c conftest.c -o conftest2.o
configure:4388: $? = 0
configure:4385: clang -c conftest.c -o conftest2.o
configure:4388: $? = 0
configure:4400: result: yes
configure:4417: checking for a sed that does not truncate output
configure:4481: result: /usr/bin/sed
configure:4499: checking for grep that handles long lines and -e
configure:4557: result: /usr/bin/grep
configure:4562: checking for egrep
configure:4624: result: /usr/bin/grep -E
configure:4629: checking for fgrep
configure:4691: result: /usr/bin/grep -F
configure:4726: checking for ld used by clang
configure:4793: result: /usr/bin/ld
configure:4800: checking if the linker (/usr/bin/ld) is GNU ld
configure:4815: result: yes
configure:4827: checking for BSD- or MS-compatible name lister (nm)
configure:4881: result: /usr/bin/nm -B
configure:5011: checking the name lister (/usr/bin/nm -B) interface
configure:5018: clang -c -O3 -isystem /usr/local/include -isystem /usr/pkg/include  conftest.c >&5
configure:5021: /usr/bin/nm -B "conftest.o"
configure:5024: output
0000000000000000 B some_variable
configure:5031: result: BSD nm
configure:5034: checking whether ln -s works
configure:5038: result: yes
configure:5046: checking the maximum length of command line arguments
configure:5177: result: 1572864
configure:5225: checking how to convert x86_64-unknown-linux-gnu file names to x86_64-unknown-linux-gnu format
configure:5265: result: func_convert_file_noop
configure:5272: checking how to convert x86_64-unknown-linux-gnu file names to toolchain format
configure:5292: result: func_convert_file_noop
configure:5299: checking for /usr/bin/ld option to reload object files
configure:5306: result: -r
configure:5380: checking for objdump
configure:5396: found /usr/bin/objdump
configure:5407: result: objdump
configure:5439: checking how to recognize dependent libraries
configure:5639: result: pass_all
configure:5724: checking for dlltool
configure:5754: result: no
configure:5784: checking how to associate runtime and link libraries
configure:5811: result: printf %s\n
configure:5872: checking for ar
configure:5888: found /usr/bin/ar
configure:5899: result: ar
configure:5936: checking for archiver @FILE support
configure:5953: clang -c -O3 -isystem /usr/local/include -isystem /usr/pkg/include  conftest.c >&5
configure:5953: $? = 0
configure:5956: ar cru libconftest.a @conftest.lst >&5
configure:5959: $? = 0
configure:5964: ar cru libconftest.a @conftest.lst >&5
ar: conftest.o: No such file or directory
configure:5967: $? = 1
configure:5979: result: @
configure:6037: checking for strip
configure:6053: found /usr/bin/strip
configure:6064: result: strip
configure:6136: checking for ranlib
configure:6152: found /usr/bin/ranlib
configure:6163: result: ranlib
configure:6265: checking command to parse /usr/bin/nm -B output from clang object
configure:6418: clang -c -O3 -isystem /usr/local/include -isystem /usr/pkg/include  conftest.c >&5
configure:6421: $? = 0
configure:6425: /usr/bin/nm -B conftest.o \| sed -n -e 's/^.*[ ]\([ABCDGIRSTW][ABCDGIRSTW]*\)[ ][ ]*\([_A-Za-z][_A-Za-z0-9]*\)$/\1 \2 \2/p' | sed '/ __gnu_lto/d' \> conftest.nm
configure:6428: $? = 0
configure:6494: clang -o conftest -O3 -isystem /usr/local/include -isystem /usr/pkg/include   -L/usr/local/lib -L/usr/pkg/lib conftest.c conftstm.o >&5
configure:6497: $? = 0
configure:6535: result: ok
configure:6582: checking for sysroot
configure:6612: result: no
configure:6619: checking for a working dd
configure:6657: result: /usr/bin/dd
configure:6661: checking how to truncate binary pipes
configure:6676: result: /usr/bin/dd bs=4096 count=1
configure:6812: clang -c -O3 -isystem /usr/local/include -isystem /usr/pkg/include  conftest.c >&5
configure:6815: $? = 0
configure:7005: checking for mt
configure:7035: result: no
configure:7055: checking if : is a manifest tool
configure:7061: : '-?'
configure:7069: result: no
configure:7746: checking how to run the C preprocessor
configure:7816: result: clang -E
configure:7836: clang -E  conftest.c
configure:7836: $? = 0
configure:7850: clang -E  conftest.c
conftest.c:9:10: fatal error: 'ac_nonexistent.h' file not found
#include <ac_nonexistent.h>
         ^
1 error generated.
configure:7850: $? = 1
configure: failed program was:
| /* confdefs.h */
| #define PACKAGE_NAME "cctools"
| #define PACKAGE_TARNAME "cctools"
| #define PACKAGE_VERSION "895"
| #define PACKAGE_STRING "cctools 895"
| #define PACKAGE_BUGREPORT "t.poechtrager@gmail.com"
| #define PACKAGE_URL ""
| /* end confdefs.h.  */
| #include <ac_nonexistent.h>
configure:7879: checking for ANSI C header files
configure:7899: clang -c -O3 -isystem /usr/local/include -isystem /usr/pkg/include  conftest.c >&5
configure:7899: $? = 0
configure:7972: clang -o conftest -O3 -isystem /usr/local/include -isystem /usr/pkg/include   -L/usr/local/lib -L/usr/pkg/lib conftest.c  >&5
configure:7972: $? = 0
configure:7972: ./conftest
configure:7972: $? = 0
configure:7983: result: yes
configure:7996: checking for sys/types.h
configure:7996: clang -c -O3 -isystem /usr/local/include -isystem /usr/pkg/include  conftest.c >&5
configure:7996: $? = 0
configure:7996: result: yes
configure:7996: checking for sys/stat.h
configure:7996: clang -c -O3 -isystem /usr/local/include -isystem /usr/pkg/include  conftest.c >&5
configure:7996: $? = 0
configure:7996: result: yes
configure:7996: checking for stdlib.h
configure:7996: clang -c -O3 -isystem /usr/local/include -isystem /usr/pkg/include  conftest.c >&5
configure:7996: $? = 0
configure:7996: result: yes
configure:7996: checking for string.h
configure:7996: clang -c -O3 -isystem /usr/local/include -isystem /usr/pkg/include  conftest.c >&5
configure:7996: $? = 0
configure:7996: result: yes
configure:7996: checking for memory.h
configure:7996: clang -c -O3 -isystem /usr/local/include -isystem /usr/pkg/include  conftest.c >&5
configure:7996: $? = 0
configure:7996: result: yes
configure:7996: checking for strings.h
configure:7996: clang -c -O3 -isystem /usr/local/include -isystem /usr/pkg/include  conftest.c >&5
configure:7996: $? = 0
configure:7996: result: yes
configure:7996: checking for inttypes.h
configure:7996: clang -c -O3 -isystem /usr/local/include -isystem /usr/pkg/include  conftest.c >&5
configure:7996: $? = 0
configure:7996: result: yes
configure:7996: checking for stdint.h
configure:7996: clang -c -O3 -isystem /usr/local/include -isystem /usr/pkg/include  conftest.c >&5
configure:7996: $? = 0
configure:7996: result: yes
configure:7996: checking for unistd.h
configure:7996: clang -c -O3 -isystem /usr/local/include -isystem /usr/pkg/include  conftest.c >&5
configure:7996: $? = 0
configure:7996: result: yes
configure:8010: checking for dlfcn.h
configure:8010: clang -c -O3 -isystem /usr/local/include -isystem /usr/pkg/include  conftest.c >&5
configure:8010: $? = 0
configure:8010: result: yes
configure:8265: checking for objdir
configure:8280: result: .libs
configure:8544: checking if clang supports -fno-rtti -fno-exceptions
configure:8562: clang -c -O3 -isystem /usr/local/include -isystem /usr/pkg/include  -fno-rtti -fno-exceptions conftest.c >&5
configure:8566: $? = 0
configure:8579: result: yes
configure:8937: checking for clang option to produce PIC
configure:8944: result: -fPIC -DPIC
configure:8952: checking if clang PIC flag -fPIC -DPIC works
configure:8970: clang -c -O3 -isystem /usr/local/include -isystem /usr/pkg/include  -fPIC -DPIC -DPIC conftest.c >&5
configure:8974: $? = 0
configure:8987: result: yes
configure:9016: checking if clang static flag -static works
configure:9044: result: no
configure:9059: checking if clang supports -c -o file.o
configure:9080: clang -c -O3 -isystem /usr/local/include -isystem /usr/pkg/include  -o out/conftest2.o conftest.c >&5
configure:9084: $? = 0
configure:9106: result: yes
configure:9114: checking if clang supports -c -o file.o
configure:9161: result: yes
configure:9194: checking whether the clang linker (/usr/bin/ld -m elf_x86_64) supports shared libraries
configure:10453: result: yes
configure:10490: checking whether -lc should be explicitly linked in
configure:10498: clang -c -O3 -isystem /usr/local/include -isystem /usr/pkg/include  conftest.c >&5
configure:10501: $? = 0
configure:10516: clang -shared  -fPIC -DPIC conftest.o  -v -Wl,-soname -Wl,conftest -o conftest 2\>\&1 \| /usr/bin/grep  -lc  \>/dev/null 2\>\&1
configure:10519: $? = 0
configure:10533: result: no
configure:10693: checking dynamic linker characteristics
configure:11274: clang -o conftest -O3 -isystem /usr/local/include -isystem /usr/pkg/include   -L/usr/local/lib -L/usr/pkg/lib -Wl,-rpath -Wl,/foo conftest.c  >&5
configure:11274: $? = 0
configure:11511: result: GNU/Linux ld.so
configure:11633: checking how to hardcode library paths into programs
configure:11658: result: immediate
configure:12206: checking whether stripping libraries is possible
configure:12211: result: yes
configure:12246: checking if libtool supports shared libraries
configure:12248: result: yes
configure:12251: checking whether to build shared libraries
configure:12276: result: yes
configure:12279: checking whether to build static libraries
configure:12283: result: no
configure:12435: checking for C compiler version
configure:12444: clang --version >&5
clang version 3.9.1 (tags/RELEASE_391/final)
Target: x86_64-unknown-linux-gnu
Thread model: posix
InstalledDir: /usr/local/bin
configure:12455: $? = 0
configure:12444: clang -v >&5
clang version 3.9.1 (tags/RELEASE_391/final)
Target: x86_64-unknown-linux-gnu
Thread model: posix
InstalledDir: /usr/local/bin
Found candidate GCC installation: /usr/lib/gcc/x86_64-redhat-linux/7
Selected GCC installation: /usr/lib/gcc/x86_64-redhat-linux/7
Candidate multilib: .;@m64
Candidate multilib: 32;@m32
Selected multilib: .;@m64
configure:12455: $? = 0
configure:12444: clang -V >&5
clang-3.9: error: argument to '-V' is missing (expected 1 value)
clang-3.9: error: no input files
configure:12455: $? = 1
configure:12444: clang -qversion >&5
clang-3.9: error: unknown argument: '-qversion'
clang-3.9: error: no input files
configure:12455: $? = 1
configure:12459: checking whether we are using the GNU C compiler
configure:12487: result: yes
configure:12496: checking whether clang accepts -g
configure:12557: result: yes
configure:12574: checking for clang option to accept ISO C89
configure:12650: result: none needed
configure:12675: checking whether clang understands -c and -o together
configure:12712: result: yes
configure:12841: checking for C++ compiler version
configure:12850: clang++ --version >&5
clang version 3.9.1 (tags/RELEASE_391/final)
Target: x86_64-unknown-linux-gnu
Thread model: posix
InstalledDir: /usr/local/bin
configure:12861: $? = 0
configure:12850: clang++ -v >&5
clang version 3.9.1 (tags/RELEASE_391/final)
Target: x86_64-unknown-linux-gnu
Thread model: posix
InstalledDir: /usr/local/bin
Found candidate GCC installation: /usr/lib/gcc/x86_64-redhat-linux/7
Selected GCC installation: /usr/lib/gcc/x86_64-redhat-linux/7
Candidate multilib: .;@m64
Candidate multilib: 32;@m32
Selected multilib: .;@m64
configure:12861: $? = 0
configure:12850: clang++ -V >&5
clang-3.9: error: argument to '-V' is missing (expected 1 value)
clang-3.9: error: no input files
configure:12861: $? = 1
configure:12850: clang++ -qversion >&5
clang-3.9: error: unknown argument: '-qversion'
clang-3.9: error: no input files
configure:12861: $? = 1
configure:12865: checking whether we are using the GNU C++ compiler
configure:12884: clang++ -c -O3 -std=c++0x -isystem /usr/local/include -isystem /usr/pkg/include  -fblocks  conftest.cpp >&5
configure:12884: $? = 0
configure:12893: result: yes
configure:12902: checking whether clang++ accepts -g
configure:12922: clang++ -c -g  conftest.cpp >&5
configure:12922: $? = 0
configure:12963: result: yes
configure:13004: checking how to run the C++ preprocessor
configure:13031: clang++ -E  conftest.cpp
configure:13031: $? = 0
configure:13045: clang++ -E  conftest.cpp
conftest.cpp:21:10: fatal error: 'ac_nonexistent.h' file not found
#include <ac_nonexistent.h>
         ^
1 error generated.
configure:13045: $? = 1
configure: failed program was:
| /* confdefs.h */
| #define PACKAGE_NAME "cctools"
| #define PACKAGE_TARNAME "cctools"
| #define PACKAGE_VERSION "895"
| #define PACKAGE_STRING "cctools 895"
| #define PACKAGE_BUGREPORT "t.poechtrager@gmail.com"
| #define PACKAGE_URL ""
| #define STDC_HEADERS 1
| #define HAVE_SYS_TYPES_H 1
| #define HAVE_SYS_STAT_H 1
| #define HAVE_STDLIB_H 1
| #define HAVE_STRING_H 1
| #define HAVE_MEMORY_H 1
| #define HAVE_STRINGS_H 1
| #define HAVE_INTTYPES_H 1
| #define HAVE_STDINT_H 1
| #define HAVE_UNISTD_H 1
| #define HAVE_DLFCN_H 1
| #define LT_OBJDIR ".libs/"
| /* end confdefs.h.  */
| #include <ac_nonexistent.h>
configure:13070: result: clang++ -E
configure:13090: clang++ -E  conftest.cpp
configure:13090: $? = 0
configure:13104: clang++ -E  conftest.cpp
conftest.cpp:21:10: fatal error: 'ac_nonexistent.h' file not found
#include <ac_nonexistent.h>
         ^
1 error generated.
configure:13104: $? = 1
configure: failed program was:
| /* confdefs.h */
| #define PACKAGE_NAME "cctools"
| #define PACKAGE_TARNAME "cctools"
| #define PACKAGE_VERSION "895"
| #define PACKAGE_STRING "cctools 895"
| #define PACKAGE_BUGREPORT "t.poechtrager@gmail.com"
| #define PACKAGE_URL ""
| #define STDC_HEADERS 1
| #define HAVE_SYS_TYPES_H 1
| #define HAVE_SYS_STAT_H 1
| #define HAVE_STDLIB_H 1
| #define HAVE_STRING_H 1
| #define HAVE_MEMORY_H 1
| #define HAVE_STRINGS_H 1
| #define HAVE_INTTYPES_H 1
| #define HAVE_STDINT_H 1
| #define HAVE_UNISTD_H 1
| #define HAVE_DLFCN_H 1
| #define LT_OBJDIR ".libs/"
| /* end confdefs.h.  */
| #include <ac_nonexistent.h>
configure:13266: checking for ld used by clang++
configure:13333: result: /usr/bin/ld -m elf_x86_64
configure:13340: checking if the linker (/usr/bin/ld -m elf_x86_64) is GNU ld
configure:13355: result: yes
configure:13410: checking whether the clang++ linker (/usr/bin/ld -m elf_x86_64) supports shared libraries
configure:14483: result: yes
configure:14519: clang++ -c -O3 -std=c++0x -isystem /usr/local/include -isystem /usr/pkg/include  -fblocks  conftest.cpp >&5
configure:14522: $? = 0
configure:15003: checking for clang++ option to produce PIC
configure:15010: result: -fPIC -DPIC
configure:15018: checking if clang++ PIC flag -fPIC -DPIC works
configure:15036: clang++ -c -O3 -std=c++0x -isystem /usr/local/include -isystem /usr/pkg/include  -fblocks  -fPIC -DPIC -DPIC conftest.cpp >&5
configure:15040: $? = 0
configure:15053: result: yes
configure:15076: checking if clang++ static flag -static works
configure:15104: result: no
configure:15116: checking if clang++ supports -c -o file.o
configure:15137: clang++ -c -O3 -std=c++0x -isystem /usr/local/include -isystem /usr/pkg/include  -fblocks  -o out/conftest2.o conftest.cpp >&5
configure:15141: $? = 0
configure:15163: result: yes
configure:15168: checking if clang++ supports -c -o file.o
configure:15215: result: yes
configure:15245: checking whether the clang++ linker (/usr/bin/ld -m elf_x86_64) supports shared libraries
configure:15285: result: yes
configure:15426: checking dynamic linker characteristics
configure:16171: result: GNU/Linux ld.so
configure:16236: checking how to hardcode library paths into programs
configure:16261: result: immediate
configure:16408: checking for Objective C compiler version
configure:16417: clang --version >&5
clang version 3.9.1 (tags/RELEASE_391/final)
Target: x86_64-unknown-linux-gnu
Thread model: posix
InstalledDir: /usr/local/bin
configure:16428: $? = 0
configure:16417: clang -v >&5
clang version 3.9.1 (tags/RELEASE_391/final)
Target: x86_64-unknown-linux-gnu
Thread model: posix
InstalledDir: /usr/local/bin
Found candidate GCC installation: /usr/lib/gcc/x86_64-redhat-linux/7
Selected GCC installation: /usr/lib/gcc/x86_64-redhat-linux/7
Candidate multilib: .;@m64
Candidate multilib: 32;@m32
Selected multilib: .;@m64
configure:16428: $? = 0
configure:16417: clang -V >&5
clang-3.9: error: argument to '-V' is missing (expected 1 value)
clang-3.9: error: no input files
configure:16428: $? = 1
configure:16417: clang -qversion >&5
clang-3.9: error: unknown argument: '-qversion'
clang-3.9: error: no input files
configure:16428: $? = 1
configure:16432: checking whether we are using the GNU Objective C compiler
configure:16451: clang -c -O3  conftest.m >&5
configure:16451: $? = 0
configure:16460: result: yes
configure:16469: checking whether clang accepts -g
configure:16489: clang -c -g  conftest.m >&5
configure:16489: $? = 0
configure:16530: result: yes
configure:16604: checking for ranlib
configure:16620: found /usr/bin/ranlib
configure:16631: result: ranlib
configure:16696: checking for ar
configure:16712: found /usr/bin/ar
configure:16723: result: ar
configure:16818: checking for dlopen in -ldl
configure:16843: clang -o conftest -O3 -isystem /usr/local/include -isystem /usr/pkg/include   -L/usr/local/lib -L/usr/pkg/lib conftest.c -ldl   >&5
configure:16843: $? = 0
configure:16852: result: yes
configure:16860: checking for pthread_create in -lpthread
configure:16885: clang -o conftest -O3 -isystem /usr/local/include -isystem /usr/pkg/include   -L/usr/local/lib -L/usr/pkg/lib conftest.c -lpthread   >&5
configure:16885: $? = 0
configure:16894: result: yes
configure:16904: checking execinfo.h usability
configure:16904: clang -c -O3 -isystem /usr/local/include -isystem /usr/pkg/include  conftest.c >&5
configure:16904: $? = 0
configure:16904: result: yes
configure:16904: checking execinfo.h presence
configure:16904: clang -E  conftest.c
configure:16904: $? = 0
configure:16904: result: yes
configure:16904: checking for execinfo.h
configure:16904: result: yes
configure:16910: checking for backtrace in -lexecinfo
configure:16935: clang -o conftest -O3 -isystem /usr/local/include -isystem /usr/pkg/include   -L/usr/local/lib -L/usr/pkg/lib conftest.c -lexecinfo   >&5
/usr/bin/ld: cannot find -lexecinfo
clang-3.9: error: linker command failed with exit code 1 (use -v to see invocation)
configure:16935: $? = 1
configure: failed program was:
| /* confdefs.h */
| #define PACKAGE_NAME "cctools"
| #define PACKAGE_TARNAME "cctools"
| #define PACKAGE_VERSION "895"
| #define PACKAGE_STRING "cctools 895"
| #define PACKAGE_BUGREPORT "t.poechtrager@gmail.com"
| #define PACKAGE_URL ""
| #define STDC_HEADERS 1
| #define HAVE_SYS_TYPES_H 1
| #define HAVE_SYS_STAT_H 1
| #define HAVE_STDLIB_H 1
| #define HAVE_STRING_H 1
| #define HAVE_MEMORY_H 1
| #define HAVE_STRINGS_H 1
| #define HAVE_INTTYPES_H 1
| #define HAVE_STDINT_H 1
| #define HAVE_UNISTD_H 1
| #define HAVE_DLFCN_H 1
| #define LT_OBJDIR ".libs/"
| #define EMULATED_HOST_CPU_TYPE 16777223
| #define EMULATED_HOST_CPU_SUBTYPE 3
| #define __STDC_LIMIT_MACROS 1
| #define __STDC_CONSTANT_MACROS 1
| #define HAVE_EXECINFO_H 1
| /* end confdefs.h.  */
| 
| /* Override any GCC internal prototype to avoid an error.
|    Use char because int might match the return type of a GCC
|    builtin and then its argument prototype would still apply.  */
| #ifdef __cplusplus
| extern "C"
| #endif
| char backtrace ();
| int
| main ()
| {
| return backtrace ();
|   ;
|   return 0;
| }
configure:16944: result: no
configure:16956: checking for uuid_generate_random in -luuid
configure:16981: clang -o conftest -O3 -isystem /usr/local/include -isystem /usr/pkg/include   -L/usr/local/lib -L/usr/pkg/lib conftest.c -luuid   >&5
/usr/bin/ld: cannot find -luuid
clang-3.9: error: linker command failed with exit code 1 (use -v to see invocation)
configure:16981: $? = 1
configure: failed program was:
| /* confdefs.h */
| #define PACKAGE_NAME "cctools"
| #define PACKAGE_TARNAME "cctools"
| #define PACKAGE_VERSION "895"
| #define PACKAGE_STRING "cctools 895"
| #define PACKAGE_BUGREPORT "t.poechtrager@gmail.com"
| #define PACKAGE_URL ""
| #define STDC_HEADERS 1
| #define HAVE_SYS_TYPES_H 1
| #define HAVE_SYS_STAT_H 1
| #define HAVE_STDLIB_H 1
| #define HAVE_STRING_H 1
| #define HAVE_MEMORY_H 1
| #define HAVE_STRINGS_H 1
| #define HAVE_INTTYPES_H 1
| #define HAVE_STDINT_H 1
| #define HAVE_UNISTD_H 1
| #define HAVE_DLFCN_H 1
| #define LT_OBJDIR ".libs/"
| #define EMULATED_HOST_CPU_TYPE 16777223
| #define EMULATED_HOST_CPU_SUBTYPE 3
| #define __STDC_LIMIT_MACROS 1
| #define __STDC_CONSTANT_MACROS 1
| #define HAVE_EXECINFO_H 1
| /* end confdefs.h.  */
| 
| /* Override any GCC internal prototype to avoid an error.
|    Use char because int might match the return type of a GCC
|    builtin and then its argument prototype would still apply.  */
| #ifdef __cplusplus
| extern "C"
| #endif
| char uuid_generate_random ();
| int
| main ()
| {
| return uuid_generate_random ();
|   ;
|   return 0;
| }
configure:16990: result: no
configure:17012: checking for strmode
configure:17012: clang -o conftest -O3 -isystem /usr/local/include -isystem /usr/pkg/include   -L/usr/local/lib -L/usr/pkg/lib conftest.c  >&5
/tmp/conftest-13cfe2.o: In function `main':
conftest.c:(.text+0x4): undefined reference to `strmode'
clang-3.9: error: linker command failed with exit code 1 (use -v to see invocation)
configure:17012: $? = 1
configure: failed program was:
| /* confdefs.h */
| #define PACKAGE_NAME "cctools"
| #define PACKAGE_TARNAME "cctools"
| #define PACKAGE_VERSION "895"
| #define PACKAGE_STRING "cctools 895"
| #define PACKAGE_BUGREPORT "t.poechtrager@gmail.com"
| #define PACKAGE_URL ""
| #define STDC_HEADERS 1
| #define HAVE_SYS_TYPES_H 1
| #define HAVE_SYS_STAT_H 1
| #define HAVE_STDLIB_H 1
| #define HAVE_STRING_H 1
| #define HAVE_MEMORY_H 1
| #define HAVE_STRINGS_H 1
| #define HAVE_INTTYPES_H 1
| #define HAVE_STDINT_H 1
| #define HAVE_UNISTD_H 1
| #define HAVE_DLFCN_H 1
| #define LT_OBJDIR ".libs/"
| #define EMULATED_HOST_CPU_TYPE 16777223
| #define EMULATED_HOST_CPU_SUBTYPE 3
| #define __STDC_LIMIT_MACROS 1
| #define __STDC_CONSTANT_MACROS 1
| #define HAVE_EXECINFO_H 1
| /* end confdefs.h.  */
| /* Define strmode to an innocuous variant, in case <limits.h> declares strmode.
|    For example, HP-UX 11i <limits.h> declares gettimeofday.  */
| #define strmode innocuous_strmode
| 
| /* System header to define __stub macros and hopefully few prototypes,
|     which can conflict with char strmode (); below.
|     Prefer <limits.h> to <assert.h> if __STDC__ is defined, since
|     <limits.h> exists even on freestanding compilers.  */
| 
| #ifdef __STDC__
| # include <limits.h>
| #else
| # include <assert.h>
| #endif
| 
| #undef strmode
| 
| /* Override any GCC internal prototype to avoid an error.
|    Use char because int might match the return type of a GCC
|    builtin and then its argument prototype would still apply.  */
| #ifdef __cplusplus
| extern "C"
| #endif
| char strmode ();
| /* The GNU C library defines this for functions which it implements
|     to always fail with ENOSYS.  Some functions are actually named
|     something starting with __ and the normal name is an alias.  */
| #if defined __stub_strmode || defined __stub___strmode
| choke me
| #endif
| 
| int
| main ()
| {
| return strmode ();
|   ;
|   return 0;
| }
configure:17012: result: no
configure:17024: checking for __cxa_demangle in -lc++abi
configure:17049: clang -o conftest -O3 -isystem /usr/local/include -isystem /usr/pkg/include   -L/usr/local/lib -L/usr/pkg/lib conftest.c -lc++abi   >&5
/usr/bin/ld: cannot find -lc++abi
clang-3.9: error: linker command failed with exit code 1 (use -v to see invocation)
configure:17049: $? = 1
configure: failed program was:
| /* confdefs.h */
| #define PACKAGE_NAME "cctools"
| #define PACKAGE_TARNAME "cctools"
| #define PACKAGE_VERSION "895"
| #define PACKAGE_STRING "cctools 895"
| #define PACKAGE_BUGREPORT "t.poechtrager@gmail.com"
| #define PACKAGE_URL ""
| #define STDC_HEADERS 1
| #define HAVE_SYS_TYPES_H 1
| #define HAVE_SYS_STAT_H 1
| #define HAVE_STDLIB_H 1
| #define HAVE_STRING_H 1
| #define HAVE_MEMORY_H 1
| #define HAVE_STRINGS_H 1
| #define HAVE_INTTYPES_H 1
| #define HAVE_STDINT_H 1
| #define HAVE_UNISTD_H 1
| #define HAVE_DLFCN_H 1
| #define LT_OBJDIR ".libs/"
| #define EMULATED_HOST_CPU_TYPE 16777223
| #define EMULATED_HOST_CPU_SUBTYPE 3
| #define __STDC_LIMIT_MACROS 1
| #define __STDC_CONSTANT_MACROS 1
| #define HAVE_EXECINFO_H 1
| /* end confdefs.h.  */
| 
| /* Override any GCC internal prototype to avoid an error.
|    Use char because int might match the return type of a GCC
|    builtin and then its argument prototype would still apply.  */
| #ifdef __cplusplus
| extern "C"
| #endif
| char __cxa_demangle ();
| int
| main ()
| {
| return __cxa_demangle ();
|   ;
|   return 0;
| }
configure:17058: result: no
configure:17064: checking for __cxa_demangle in -lc++
configure:17089: clang -o conftest -O3 -isystem /usr/local/include -isystem /usr/pkg/include   -L/usr/local/lib -L/usr/pkg/lib conftest.c -lc++   >&5
/usr/bin/ld: cannot find -lc++
clang-3.9: error: linker command failed with exit code 1 (use -v to see invocation)
configure:17089: $? = 1
configure: failed program was:
| /* confdefs.h */
| #define PACKAGE_NAME "cctools"
| #define PACKAGE_TARNAME "cctools"
| #define PACKAGE_VERSION "895"
| #define PACKAGE_STRING "cctools 895"
| #define PACKAGE_BUGREPORT "t.poechtrager@gmail.com"
| #define PACKAGE_URL ""
| #define STDC_HEADERS 1
| #define HAVE_SYS_TYPES_H 1
| #define HAVE_SYS_STAT_H 1
| #define HAVE_STDLIB_H 1
| #define HAVE_STRING_H 1
| #define HAVE_MEMORY_H 1
| #define HAVE_STRINGS_H 1
| #define HAVE_INTTYPES_H 1
| #define HAVE_STDINT_H 1
| #define HAVE_UNISTD_H 1
| #define HAVE_DLFCN_H 1
| #define LT_OBJDIR ".libs/"
| #define EMULATED_HOST_CPU_TYPE 16777223
| #define EMULATED_HOST_CPU_SUBTYPE 3
| #define __STDC_LIMIT_MACROS 1
| #define __STDC_CONSTANT_MACROS 1
| #define HAVE_EXECINFO_H 1
| /* end confdefs.h.  */
| 
| /* Override any GCC internal prototype to avoid an error.
|    Use char because int might match the return type of a GCC
|    builtin and then its argument prototype would still apply.  */
| #ifdef __cplusplus
| extern "C"
| #endif
| char __cxa_demangle ();
| int
| main ()
| {
| return __cxa_demangle ();
|   ;
|   return 0;
| }
configure:17098: result: no
configure:17104: checking for __cxa_demangle in -lsupc++
configure:17129: clang -o conftest -O3 -isystem /usr/local/include -isystem /usr/pkg/include   -L/usr/local/lib -L/usr/pkg/lib conftest.c -lsupc++   >&5
/usr/bin/ld: cannot find -lsupc++
clang-3.9: error: linker command failed with exit code 1 (use -v to see invocation)
configure:17129: $? = 1
configure: failed program was:
| /* confdefs.h */
| #define PACKAGE_NAME "cctools"
| #define PACKAGE_TARNAME "cctools"
| #define PACKAGE_VERSION "895"
| #define PACKAGE_STRING "cctools 895"
| #define PACKAGE_BUGREPORT "t.poechtrager@gmail.com"
| #define PACKAGE_URL ""
| #define STDC_HEADERS 1
| #define HAVE_SYS_TYPES_H 1
| #define HAVE_SYS_STAT_H 1
| #define HAVE_STDLIB_H 1
| #define HAVE_STRING_H 1
| #define HAVE_MEMORY_H 1
| #define HAVE_STRINGS_H 1
| #define HAVE_INTTYPES_H 1
| #define HAVE_STDINT_H 1
| #define HAVE_UNISTD_H 1
| #define HAVE_DLFCN_H 1
| #define LT_OBJDIR ".libs/"
| #define EMULATED_HOST_CPU_TYPE 16777223
| #define EMULATED_HOST_CPU_SUBTYPE 3
| #define __STDC_LIMIT_MACROS 1
| #define __STDC_CONSTANT_MACROS 1
| #define HAVE_EXECINFO_H 1
| /* end confdefs.h.  */
| 
| /* Override any GCC internal prototype to avoid an error.
|    Use char because int might match the return type of a GCC
|    builtin and then its argument prototype would still apply.  */
| #ifdef __cplusplus
| extern "C"
| #endif
| char __cxa_demangle ();
| int
| main ()
| {
| return __cxa_demangle ();
|   ;
|   return 0;
| }
configure:17138: result: no
configure:17144: checking for __cxa_demangle in -lstdc++
configure:17169: clang -o conftest -O3 -isystem /usr/local/include -isystem /usr/pkg/include   -L/usr/local/lib -L/usr/pkg/lib conftest.c -lstdc++   >&5
configure:17169: $? = 0
configure:17178: result: yes
configure:17202: checking whether clang supports -Wno-shift-negative-value
configure:17208: clang -c -O3 -isystem /usr/local/include -isystem /usr/pkg/include -Werror -Wno-shift-negative-value  conftest.c >&5
configure:17208: $? = 0
configure:17210: result: yes
configure:17229: checking whether ld supports -rpath,<path>,--enable-new-dtags
configure:17235: clang -o conftest -O3 -isystem /usr/local/include -isystem /usr/pkg/include   -L/usr/local/lib -L/usr/pkg/lib -Wl,-rpath,/usr/local/lib,--enable-new-dtags conftest.c  >&5
configure:17235: $? = 0
configure:17237: result: yes
configure:17280: checking for llvm-config
configure:17298: found /usr/local/bin/llvm-config
configure:17310: result: /usr/local/bin/llvm-config
configure:17331: checking for lto_get_version in -lLTO
configure:17356: clang -o conftest -O3 -isystem /usr/local/include -isystem /usr/pkg/include   -L/usr/local/lib -L/usr/pkg/lib -L/usr/local/lib conftest.c -lLTO   >&5
configure:17356: $? = 0
configure:17365: result: yes
configure:17401: checking for xar_prop_create in -lxar
configure:17426: clang -o conftest -O3 -isystem /usr/local/include -isystem /usr/pkg/include   -L/usr/local/lib -L/usr/pkg/lib -Wl,-rpath,/usr/local/lib,--enable-new-dtags conftest.c -lxar   >&5
/usr/bin/ld: cannot find -lxar
clang-3.9: error: linker command failed with exit code 1 (use -v to see invocation)
configure:17426: $? = 1
configure: failed program was:
| /* confdefs.h */
| #define PACKAGE_NAME "cctools"
| #define PACKAGE_TARNAME "cctools"
| #define PACKAGE_VERSION "895"
| #define PACKAGE_STRING "cctools 895"
| #define PACKAGE_BUGREPORT "t.poechtrager@gmail.com"
| #define PACKAGE_URL ""
| #define STDC_HEADERS 1
| #define HAVE_SYS_TYPES_H 1
| #define HAVE_SYS_STAT_H 1
| #define HAVE_STDLIB_H 1
| #define HAVE_STRING_H 1
| #define HAVE_MEMORY_H 1
| #define HAVE_STRINGS_H 1
| #define HAVE_INTTYPES_H 1
| #define HAVE_STDINT_H 1
| #define HAVE_UNISTD_H 1
| #define HAVE_DLFCN_H 1
| #define LT_OBJDIR ".libs/"
| #define EMULATED_HOST_CPU_TYPE 16777223
| #define EMULATED_HOST_CPU_SUBTYPE 3
| #define __STDC_LIMIT_MACROS 1
| #define __STDC_CONSTANT_MACROS 1
| #define HAVE_EXECINFO_H 1
| /* end confdefs.h.  */
| 
| /* Override any GCC internal prototype to avoid an error.
|    Use char because int might match the return type of a GCC
|    builtin and then its argument prototype would still apply.  */
| #ifdef __cplusplus
| extern "C"
| #endif
| char xar_prop_create ();
| int
| main ()
| {
| return xar_prop_create ();
|   ;
|   return 0;
| }
configure:17435: result: no
configure:17473: checking whether byte ordering is bigendian
configure:17488: clang -c -O3 -isystem /usr/local/include -isystem /usr/pkg/include -DDISABLE_CLANG_AS  conftest.c >&5
conftest.c:27:9: error: unknown type name 'not'
               not a universal capable compiler
               ^
conftest.c:27:14: error: expected ';' after top level declarator
               not a universal capable compiler
                    ^
                    ;
2 errors generated.
configure:17488: $? = 1
configure: failed program was:
| /* confdefs.h */
| #define PACKAGE_NAME "cctools"
| #define PACKAGE_TARNAME "cctools"
| #define PACKAGE_VERSION "895"
| #define PACKAGE_STRING "cctools 895"
| #define PACKAGE_BUGREPORT "t.poechtrager@gmail.com"
| #define PACKAGE_URL ""
| #define STDC_HEADERS 1
| #define HAVE_SYS_TYPES_H 1
| #define HAVE_SYS_STAT_H 1
| #define HAVE_STDLIB_H 1
| #define HAVE_STRING_H 1
| #define HAVE_MEMORY_H 1
| #define HAVE_STRINGS_H 1
| #define HAVE_INTTYPES_H 1
| #define HAVE_STDINT_H 1
| #define HAVE_UNISTD_H 1
| #define HAVE_DLFCN_H 1
| #define LT_OBJDIR ".libs/"
| #define EMULATED_HOST_CPU_TYPE 16777223
| #define EMULATED_HOST_CPU_SUBTYPE 3
| #define __STDC_LIMIT_MACROS 1
| #define __STDC_CONSTANT_MACROS 1
| #define HAVE_EXECINFO_H 1
| /* end confdefs.h.  */
| #ifndef __APPLE_CC__
| 	       not a universal capable compiler
| 	     #endif
| 	     typedef int dummy;
| 
configure:17533: clang -c -O3 -isystem /usr/local/include -isystem /usr/pkg/include -DDISABLE_CLANG_AS  conftest.c >&5
configure:17533: $? = 0
configure:17551: clang -c -O3 -isystem /usr/local/include -isystem /usr/pkg/include -DDISABLE_CLANG_AS  conftest.c >&5
conftest.c:33:4: error: use of undeclared identifier 'not'
                 not big endian
                 ^
1 error generated.
configure:17551: $? = 1
configure: failed program was:
| /* confdefs.h */
| #define PACKAGE_NAME "cctools"
| #define PACKAGE_TARNAME "cctools"
| #define PACKAGE_VERSION "895"
| #define PACKAGE_STRING "cctools 895"
| #define PACKAGE_BUGREPORT "t.poechtrager@gmail.com"
| #define PACKAGE_URL ""
| #define STDC_HEADERS 1
| #define HAVE_SYS_TYPES_H 1
| #define HAVE_SYS_STAT_H 1
| #define HAVE_STDLIB_H 1
| #define HAVE_STRING_H 1
| #define HAVE_MEMORY_H 1
| #define HAVE_STRINGS_H 1
| #define HAVE_INTTYPES_H 1
| #define HAVE_STDINT_H 1
| #define HAVE_UNISTD_H 1
| #define HAVE_DLFCN_H 1
| #define LT_OBJDIR ".libs/"
| #define EMULATED_HOST_CPU_TYPE 16777223
| #define EMULATED_HOST_CPU_SUBTYPE 3
| #define __STDC_LIMIT_MACROS 1
| #define __STDC_CONSTANT_MACROS 1
| #define HAVE_EXECINFO_H 1
| /* end confdefs.h.  */
| #include <sys/types.h>
| 		#include <sys/param.h>
| 
| int
| main ()
| {
| #if BYTE_ORDER != BIG_ENDIAN
| 		 not big endian
| 		#endif
| 
|   ;
|   return 0;
| }
configure:17679: result: no
configure:17897: checking that generated files are newer than configure
configure:17903: result: done
configure:17923: creating ./config.status

## ---------------------- ##
## Running config.status. ##
## ---------------------- ##

This file was extended by cctools config.status 895, which was
generated by GNU Autoconf 2.69.  Invocation command line was

  CONFIG_FILES    = 
  CONFIG_HEADERS  = 
  CONFIG_LINKS    = 
  CONFIG_COMMANDS = 
  $ ./config.status 

on localhost.localdomain

config.status:1107: creating Makefile
config.status:1107: creating libstuff/Makefile
config.status:1107: creating ar/Makefile
config.status:1107: creating as/Makefile
config.status:1107: creating as/arm/Makefile
config.status:1107: creating as/i386/Makefile
config.status:1107: creating as/x86_64/Makefile
config.status:1107: creating as/ppc/Makefile
config.status:1107: creating as/ppc64/Makefile
config.status:1107: creating misc/Makefile
config.status:1107: creating otool/Makefile
config.status:1107: creating libobjc2/Makefile
config.status:1107: creating ld64/Makefile
config.status:1107: creating ld64/src/Makefile
config.status:1107: creating ld64/src/3rd/Makefile
config.status:1107: creating ld64/src/3rd/BlocksRuntime/Makefile
config.status:1107: creating ld64/src/ld/Makefile
config.status:1107: creating ld64/src/ld/parsers/Makefile
config.status:1107: creating ld64/src/ld/passes/Makefile
config.status:1107: creating ld64/src/other/Makefile
config.status:1279: executing libtool commands

## ---------------- ##
## Cache variables. ##
## ---------------- ##

ac_cv_build=x86_64-unknown-linux-gnu
ac_cv_c_bigendian=no
ac_cv_c_compiler_gnu=yes
ac_cv_cxx_compiler_gnu=yes
ac_cv_env_CCASFLAGS_set=
ac_cv_env_CCASFLAGS_value=
ac_cv_env_CCAS_set=
ac_cv_env_CCAS_value=
ac_cv_env_CCC_set=
ac_cv_env_CCC_value=
ac_cv_env_CC_set=set
ac_cv_env_CC_value=clang
ac_cv_env_CFLAGS_set=
ac_cv_env_CFLAGS_value=
ac_cv_env_CPPFLAGS_set=
ac_cv_env_CPPFLAGS_value=
ac_cv_env_CPP_set=
ac_cv_env_CPP_value=
ac_cv_env_CXXCPP_set=
ac_cv_env_CXXCPP_value=
ac_cv_env_CXXFLAGS_set=
ac_cv_env_CXXFLAGS_value=
ac_cv_env_CXX_set=set
ac_cv_env_CXX_value=clang++
ac_cv_env_LDFLAGS_set=
ac_cv_env_LDFLAGS_value=
ac_cv_env_LIBS_set=
ac_cv_env_LIBS_value=
ac_cv_env_LT_SYS_LIBRARY_PATH_set=
ac_cv_env_LT_SYS_LIBRARY_PATH_value=
ac_cv_env_OBJCFLAGS_set=
ac_cv_env_OBJCFLAGS_value=
ac_cv_env_OBJC_set=
ac_cv_env_OBJC_value=
ac_cv_env_build_alias_set=
ac_cv_env_build_alias_value=
ac_cv_env_host_alias_set=
ac_cv_env_host_alias_value=
ac_cv_env_target_alias_set=set
ac_cv_env_target_alias_value=x86_64-apple-darwin15
ac_cv_func_strmode=no
ac_cv_header_dlfcn_h=yes
ac_cv_header_execinfo_h=yes
ac_cv_header_inttypes_h=yes
ac_cv_header_memory_h=yes
ac_cv_header_stdc=yes
ac_cv_header_stdint_h=yes
ac_cv_header_stdlib_h=yes
ac_cv_header_string_h=yes
ac_cv_header_strings_h=yes
ac_cv_header_sys_stat_h=yes
ac_cv_header_sys_types_h=yes
ac_cv_header_unistd_h=yes
ac_cv_host=x86_64-unknown-linux-gnu
ac_cv_lib_LTO_lto_get_version=yes
ac_cv_lib_cpp___cxa_demangle=no
ac_cv_lib_cppabi___cxa_demangle=no
ac_cv_lib_dl_dlopen=yes
ac_cv_lib_execinfo_backtrace=no
ac_cv_lib_pthread_pthread_create=yes
ac_cv_lib_stdcpp___cxa_demangle=yes
ac_cv_lib_supcpp___cxa_demangle=no
ac_cv_lib_uuid_uuid_generate_random=no
ac_cv_lib_xar_xar_prop_create=no
ac_cv_objc_compiler_gnu=yes
ac_cv_objext=o
ac_cv_path_EGREP='/usr/bin/grep -E'
ac_cv_path_FGREP='/usr/bin/grep -F'
ac_cv_path_GREP=/usr/bin/grep
ac_cv_path_LLVM_CONFIG=/usr/local/bin/llvm-config
ac_cv_path_SED=/usr/bin/sed
ac_cv_path_install='/usr/bin/install -c'
ac_cv_path_lt_DD=/usr/bin/dd
ac_cv_path_mkdir=/usr/bin/mkdir
ac_cv_prog_AWK=gawk
ac_cv_prog_CPP='clang -E'
ac_cv_prog_CXXCPP='clang++ -E'
ac_cv_prog_ac_ct_AR=ar
ac_cv_prog_ac_ct_CC=clang
ac_cv_prog_ac_ct_HOST_AR=ar
ac_cv_prog_ac_ct_HOST_RANLIB=ranlib
ac_cv_prog_ac_ct_OBJDUMP=objdump
ac_cv_prog_ac_ct_RANLIB=ranlib
ac_cv_prog_ac_ct_STRIP=strip
ac_cv_prog_cc_c89=
ac_cv_prog_cc_g=yes
ac_cv_prog_cxx_g=yes
ac_cv_prog_make_make_set=yes
ac_cv_prog_objc_g=yes
ac_cv_target=x86_64-apple-darwin15
am_cv_make_support_nested_variables=yes
am_cv_prog_cc_c_o=yes
am_cv_prog_tar_ustar=gnutar
lt_cv_ar_at_file=@
lt_cv_archive_cmds_need_lc=no
lt_cv_deplibs_check_method=pass_all
lt_cv_file_magic_cmd='$MAGIC_CMD'
lt_cv_file_magic_test_file=
lt_cv_ld_reload_flag=-r
lt_cv_nm_interface='BSD nm'
lt_cv_objdir=.libs
lt_cv_path_LD=/usr/bin/ld
lt_cv_path_LDCXX='/usr/bin/ld -m elf_x86_64'
lt_cv_path_NM='/usr/bin/nm -B'
lt_cv_path_mainfest_tool=no
lt_cv_prog_compiler_c_o=yes
lt_cv_prog_compiler_c_o_CXX=yes
lt_cv_prog_compiler_pic='-fPIC -DPIC'
lt_cv_prog_compiler_pic_CXX='-fPIC -DPIC'
lt_cv_prog_compiler_pic_works=yes
lt_cv_prog_compiler_pic_works_CXX=yes
lt_cv_prog_compiler_rtti_exceptions=yes
lt_cv_prog_compiler_static_works=no
lt_cv_prog_compiler_static_works_CXX=no
lt_cv_prog_gnu_ld=yes
lt_cv_prog_gnu_ldcxx=yes
lt_cv_sharedlib_from_linklib_cmd='printf %s\n'
lt_cv_shlibpath_overrides_runpath=no
lt_cv_sys_global_symbol_pipe='sed -n -e '\''s/^.*[	 ]\([ABCDGIRSTW][ABCDGIRSTW]*\)[	 ][	 ]*\([_A-Za-z][_A-Za-z0-9]*\)$/\1 \2 \2/p'\'' | sed '\''/ __gnu_lto/d'\'''
lt_cv_sys_global_symbol_to_c_name_address='sed -n -e '\''s/^: \(.*\) .*$/  {"\1", (void *) 0},/p'\'' -e '\''s/^[ABCDGIRSTW][ABCDGIRSTW]* .* \(.*\)$/  {"\1", (void *) \&\1},/p'\'''
lt_cv_sys_global_symbol_to_c_name_address_lib_prefix='sed -n -e '\''s/^: \(.*\) .*$/  {"\1", (void *) 0},/p'\'' -e '\''s/^[ABCDGIRSTW][ABCDGIRSTW]* .* \(lib.*\)$/  {"\1", (void *) \&\1},/p'\'' -e '\''s/^[ABCDGIRSTW][ABCDGIRSTW]* .* \(.*\)$/  {"lib\1", (void *) \&\1},/p'\'''
lt_cv_sys_global_symbol_to_cdecl='sed -n -e '\''s/^T .* \(.*\)$/extern int \1();/p'\'' -e '\''s/^[ABCDGIRSTW][ABCDGIRSTW]* .* \(.*\)$/extern char \1;/p'\'''
lt_cv_sys_global_symbol_to_import=
lt_cv_sys_max_cmd_len=1572864
lt_cv_to_host_file_cmd=func_convert_file_noop
lt_cv_to_tool_file_cmd=func_convert_file_noop
lt_cv_truncate_bin='/usr/bin/dd bs=4096 count=1'

## ----------------- ##
## Output variables. ##
## ----------------- ##

ACLOCAL='${SHELL} /home/anjan/github.com/osxcross/build/cctools-895-ld64-274.2_8e9c3f2/cctools/missing aclocal-1.15'
AMTAR='$${TAR-tar}'
AM_BACKSLASH='\'
AM_DEFAULT_V='$(AM_DEFAULT_VERBOSITY)'
AM_DEFAULT_VERBOSITY='1'
AM_V='$(V)'
AR='ar'
ASLIBEXECDIR='${libexecdir}/as'
AUTOCONF='${SHELL} /home/anjan/github.com/osxcross/build/cctools-895-ld64-274.2_8e9c3f2/cctools/missing autoconf'
AUTOHEADER='${SHELL} /home/anjan/github.com/osxcross/build/cctools-895-ld64-274.2_8e9c3f2/cctools/missing autoheader'
AUTOMAKE='${SHELL} /home/anjan/github.com/osxcross/build/cctools-895-ld64-274.2_8e9c3f2/cctools/missing automake-1.15'
AWK='gawk'
CC='clang'
CCAS='clang'
CCASFLAGS='-O3 -isystem /usr/local/include -isystem /usr/pkg/include'
CFLAGS='-O3 -isystem /usr/local/include -isystem /usr/pkg/include -DDISABLE_CLANG_AS'
CPP='clang -E'
CPPFLAGS=''
CXX='clang++'
CXXABI_LIB='-lstdc++'
CXXCPP='clang++ -E'
CXXFLAGS='-O3 -std=c++0x -isystem /usr/local/include -isystem /usr/pkg/include  -fblocks'
CYGPATH_W='echo'
DEFS='-DPACKAGE_NAME=\"cctools\" -DPACKAGE_TARNAME=\"cctools\" -DPACKAGE_VERSION=\"895\" -DPACKAGE_STRING=\"cctools\ 895\" -DPACKAGE_BUGREPORT=\"t.poechtrager@gmail.com\" -DPACKAGE_URL=\"\" -DSTDC_HEADERS=1 -DHAVE_SYS_TYPES_H=1 -DHAVE_SYS_STAT_H=1 -DHAVE_STDLIB_H=1 -DHAVE_STRING_H=1 -DHAVE_MEMORY_H=1 -DHAVE_STRINGS_H=1 -DHAVE_INTTYPES_H=1 -DHAVE_STDINT_H=1 -DHAVE_UNISTD_H=1 -DHAVE_DLFCN_H=1 -DLT_OBJDIR=\".libs/\" -DEMULATED_HOST_CPU_TYPE=16777223 -DEMULATED_HOST_CPU_SUBTYPE=3 -D__STDC_LIMIT_MACROS=1 -D__STDC_CONSTANT_MACROS=1 -DHAVE_EXECINFO_H=1'
DLLTOOL='false'
DL_LIB='-ldl'
DSYMUTIL=''
DUMPBIN=''
ECHO_C=''
ECHO_N='-n'
ECHO_T=''
EGREP='/usr/bin/grep -E'
ENDIAN_FLAG='-D__LITTLE_ENDIAN__=1'
EXECINFO_LIB=''
EXEEXT=''
FGREP='/usr/bin/grep -F'
GREP='/usr/bin/grep'
HOST_AR='ar'
HOST_RANLIB='ranlib'
INSTALL_DATA='${INSTALL} -m 644'
INSTALL_PROGRAM='${INSTALL}'
INSTALL_SCRIPT='${INSTALL}'
INSTALL_STRIP_PROGRAM='$(install_sh) -c -s'
ISDARWIN_FALSE=''
ISDARWIN_TRUE='#'
LD='/usr/bin/ld -m elf_x86_64'
LDFLAGS=' -L/usr/local/lib -L/usr/pkg/lib -Wl,-rpath,/usr/local/lib,--enable-new-dtags'
LIBOBJS=''
LIBS=''
LIBTOOL='$(SHELL) $(top_builddir)/libtool'
LIPO=''
LLVM_CONFIG='/usr/local/bin/llvm-config'
LLVM_INCLUDE_DIR='/usr/local/include'
LLVM_LIB_DIR='/usr/local/lib'
LN_S='ln -s'
LTLIBOBJS=''
LTO_DEF='-DLTO_SUPPORT'
LTO_LIB='-L/usr/local/lib -lLTO'
LTO_RPATH='-Wl,-rpath,/usr/local/lib,--enable-new-dtags'
LT_SYS_LIBRARY_PATH=''
MAINT='#'
MAINTAINER_MODE_FALSE=''
MAINTAINER_MODE_TRUE='#'
MAKEINFO='${SHELL} /home/anjan/github.com/osxcross/build/cctools-895-ld64-274.2_8e9c3f2/cctools/missing makeinfo'
MANIFEST_TOOL=':'
MKDIR_P='/usr/bin/mkdir -p'
NM='/usr/bin/nm -B'
NMEDIT=''
OBJC='clang'
OBJCFLAGS='-O3'
OBJCWARNINGS='-Wall -Wno-objc-root-class -Wno-deprecated-objc-isa-usage'
OBJDUMP='objdump'
OBJEXT='o'
OTOOL64=''
OTOOL=''
PACKAGE='cctools'
PACKAGE_BUGREPORT='t.poechtrager@gmail.com'
PACKAGE_NAME='cctools'
PACKAGE_STRING='cctools 895'
PACKAGE_TARNAME='cctools'
PACKAGE_URL=''
PACKAGE_VERSION='895'
PATH_SEPARATOR=':'
PROGRAM_PREFIX='${target_alias}-'
PTHREAD_FLAGS='-pthread'
RANLIB='ranlib'
SED='/usr/bin/sed'
SET_MAKE=''
SHELL='/bin/sh'
STRIP='strip'
UUID_LIB=''
VERSION='895'
WARNINGS=' -Wall -Wno-long-long -Wno-import -Wno-format -Wno-deprecated -Wno-unused-variable -Wno-unused-private-field -Wno-unused-function -Wno-invalid-offsetof -Wno-int-conversion -Wno-char-subscripts -Wno-shift-negative-value'
XAR_LIB=''
ac_ct_AR='ar'
ac_ct_CC='clang'
ac_ct_CXX=''
ac_ct_DUMPBIN=''
ac_ct_OBJC=''
am__EXEEXT_FALSE=''
am__EXEEXT_TRUE='#'
am__isrc=''
am__leading_dot='.'
am__tar='tar --format=ustar -chf - "$$tardir"'
am__untar='tar -xf -'
bindir='${exec_prefix}/bin'
build='x86_64-unknown-linux-gnu'
build_alias=''
build_cpu='x86_64'
build_os='linux-gnu'
build_vendor='unknown'
datadir='${datarootdir}'
datarootdir='${prefix}/share'
docdir='${datarootdir}/doc/${PACKAGE_TARNAME}'
dvidir='${docdir}'
exec_prefix='${prefix}'
host='x86_64-unknown-linux-gnu'
host_alias=''
host_cpu='x86_64'
host_os='linux-gnu'
host_vendor='unknown'
htmldir='${docdir}'
includedir='${prefix}/include'
infodir='${datarootdir}/info'
install_sh='${SHELL} /home/anjan/github.com/osxcross/build/cctools-895-ld64-274.2_8e9c3f2/cctools/install-sh'
libdir='${exec_prefix}/lib'
libexecdir='${exec_prefix}/libexec'
localedir='${datarootdir}/locale'
localstatedir='${prefix}/var'
mandir='${datarootdir}/man'
mkdir_p='$(MKDIR_P)'
oldincludedir='/usr/include'
pdfdir='${docdir}'
prefix='/home/anjan/github.com/osxcross/target'
program_transform_name='s&^&x86_64-apple-darwin15-&'
psdir='${docdir}'
sbindir='${exec_prefix}/sbin'
sharedstatedir='${prefix}/com'
sysconfdir='${prefix}/etc'
target='x86_64-apple-darwin15'
target_alias='x86_64-apple-darwin15'
target_cpu='x86_64'
target_os='darwin15'
target_vendor='apple'

## ----------- ##
## confdefs.h. ##
## ----------- ##

/* confdefs.h */
#define PACKAGE_NAME "cctools"
#define PACKAGE_TARNAME "cctools"
#define PACKAGE_VERSION "895"
#define PACKAGE_STRING "cctools 895"
#define PACKAGE_BUGREPORT "t.poechtrager@gmail.com"
#define PACKAGE_URL ""
#define STDC_HEADERS 1
#define HAVE_SYS_TYPES_H 1
#define HAVE_SYS_STAT_H 1
#define HAVE_STDLIB_H 1
#define HAVE_STRING_H 1
#define HAVE_MEMORY_H 1
#define HAVE_STRINGS_H 1
#define HAVE_INTTYPES_H 1
#define HAVE_STDINT_H 1
#define HAVE_UNISTD_H 1
#define HAVE_DLFCN_H 1
#define LT_OBJDIR ".libs/"
#define EMULATED_HOST_CPU_TYPE 16777223
#define EMULATED_HOST_CPU_SUBTYPE 3
#define __STDC_LIMIT_MACROS 1
#define __STDC_CONSTANT_MACROS 1
#define HAVE_EXECINFO_H 1

configure: exit 0
